[ptable.com/index.html]
[backblue.gif]
[fade.gif]
[index.html]
[ptable.com/JSON/properties-90d5338.json]
[ptable.com/icon/pt-square.svg]
[ptable.com/icon/pt-square-192.png]
[ptable.com/manifest/ptable.en.webmanifest]
[ptable.com/css/interactive-8244c80.css]
[ptable.com/js/required-558b88c3.js]
[ptable.com/js/bugsnag-f0c206ee.js]
[ptable.com/js/extra-4bfde388.js]
[ptable.com/index9ed2.html]
[ptable.com/icon/ptable-logo.svg]
[ptable.com/image/periodic-table.svg]
[ptable.com/image/periodic-table-wide.svg]
[ptable.com/index.html]
[ptable.com/icon/pt-square.svg]
[ptable.com/about/changelog.html]
[ptable.com/about/index.html]
[ptable.com/lessonplans/index.html]
[ptable.com/index9ed2.html]
[ptable.com/css/interactive-8244c80.css]
[ptable.com/icon/ptable-logo.svg]
[ptable.com/poster/index.html]
[ptable.com/print/index.html]
[ptable.com/contact/index.html]
[ptable.com/subpage/subpage.css]
[ptable.com/index2d76.html]
[ptable.com/about/michael-dayah.jpg]
[ptable.com/about/index.html]
[plausible.io/js/plausible.js]
[ptable.com/lessonplans/acs.svg]
[ptable.com/lessonplans/aact.svg]
[ptable.com/lessonplans/index.html]
[ptable.com/print/periodic-table.pdf]
[ptable.com/print/periodic-table-wide.pdf]
[ptable.com/print/pdf-1.png]
[ptable.com/print/pdf-2.png]
[ptable.com/print/pdf-3.png]
[ptable.com/print/pdf-4.png]
[ptable.com/print/index.html]
[ptable.com/image/periodic-table.svg]
[ptable.com/image/periodic-table-wide.svg]
[js.hcaptcha.com/1/api.js]
[ptable.com/contact/index.html]
[ptable.com/about/changelog.html]
[ptable.com/subpage/subpage.css]
[ptable.com/manifest/ptable.la.webmanifest]
[ptable.com/image/systema-periodicum.svg]
[ptable.com/index2d76.html]
[ptable.com/lessonplans/acs.svg]
[ptable.com/lessonplans/aact.svg]
[ptable.com/image/systema-periodicum.svg]
[ptable.com/image/systema-periodicum-wide.svg]
[ptable.com/image/systema-periodicum-wide.svg]
